0 info it worked if it ends with ok
1 verbose cli [ 'c:\\Program Files\\nodejs\\node.exe',
1 verbose cli   'c:\\Program Files\\nodejs\\node_modules\\npm\\bin\\npm-cli.js',
1 verbose cli   'run',
1 verbose cli   'server' ]
2 info using npm@3.10.10
3 info using node@v6.9.5
4 verbose run-script [ 'preserver', 'server', 'postserver' ]
5 info lifecycle product-store@0.0.0~preserver: product-store@0.0.0
6 silly lifecycle product-store@0.0.0~preserver: no script for preserver, continuing
7 info lifecycle product-store@0.0.0~server: product-store@0.0.0
8 verbose lifecycle product-store@0.0.0~server: unsafe-perm in lifecycle true
9 verbose lifecycle product-store@0.0.0~server: PATH: c:\Program Files\nodejs\node_modules\npm\bin\node-gyp-bin;c:\Users\Комфи\Desktop\JS\my-project\store-6\store\node_modules\.bin;c:\Users\Комфи\bin;.;C:\Program Files (x86)\Git\local\bin;C:\Program Files (x86)\Git\mingw\bin;C:\Program Files (x86)\Git\bin;C:\Program Files (x86)\Git\bin;c:\Ruby22-x64\bin;c:\ProgramData\Oracle\Java\javapath;c:\Program Files (x86)\NVIDIA Corporation\PhysX\Common;c:\Program Files (x86)\HP SimplePass 2011\;c:\Program Files (x86)\AMD APP\bin\x86_64;c:\Program Files (x86)\AMD APP\bin\x86;c:\Program Files\Common Files\Microsoft Shared\Windows Live;c:\Program Files (x86)\Common Files\Microsoft Shared\Windows Live;c:\Windows\system32;c:\Windows;c:\Windows\System32\Wbem;c:\Windows\System32\WindowsPowerShell\v1.0\;c:\Program Files (x86)\Windows Live\Shared;c:\Program Files (x86)\ATI Technologies\ATI.ACE\Core-Static;c:\Program Files\Broadcom\Broadcom 802.11\Driver;c:\Program Files\WIDCOMM\Bluetooth Software\;c:\Program Files\WIDCOMM\Bluetooth Software\syswow64;c:\Program Files (x86)\Microsoft SQL Server\100\Tools\Binn\;c:\Program Files\Microsoft SQL Server\100\Tools\Binn\;c:\Program Files\Microsoft SQL Server\100\DTS\Binn\;c:\VagrantRoot\bin;c:\Program Files (x86)\QuickTime\QTSystem\;C:\Program Files (x86)\Git\cmd;c:\Program Files\TortoiseGit\bin;c:\Program Files\nodejs\;c:\Program Files\Git\cmd;c:\Program Files\Firefox Developer Edition;c:\Ruby22-x64\bin;c:\ProgramData\Oracle\Java\javapath;c:\Program Files (x86)\NVIDIA Corporation\PhysX\Common;c:\Program Files (x86)\HP SimplePass 2011\;c:\Program Files (x86)\AMD APP\bin\x86_64;c:\Program Files (x86)\AMD APP\bin\x86;c:\Program Files\Common Files\Microsoft Shared\Windows Live;c:\Program Files (x86)\Common Files\Microsoft Shared\Windows Live;c:\Windows\system32;c:\Windows;c:\Windows\System32\Wbem;c:\Windows\System32\WindowsPowerShell\v1.0\;c:\Program Files (x86)\Windows Live\Shared;c:\Program Files (x86)\ATI Technologies\ATI.ACE\Core-Static;c:\Program Files\Broadcom\Broadcom 802.11\Driver;c:\Program Files\WIDCOMM\Bluetooth Software\;c:\Program Files\WIDCOMM\Bluetooth Software\syswow64;c:\Program Files (x86)\Microsoft SQL Server\100\Tools\Binn\;c:\Program Files\Microsoft SQL Server\100\Tools\Binn\;c:\Program Files\Microsoft SQL Server\100\DTS\Binn\;c:\VagrantRoot\bin;c:\Program Files (x86)\QuickTime\QTSystem\;C:\Program Files (x86)\Git\cmd;c:\Program Files\TortoiseGit\bin;c:\Program Files\nodejs\;c:\Program Files\Git\cmd;c:\Users\Комфи\AppData\Roaming\npm;c:\Program Files (x86)\Microsoft VS Code\bin;c:\Exercism
10 verbose lifecycle product-store@0.0.0~server: CWD: c:\Users\Комфи\Desktop\JS\my-project\store-6\store
11 silly lifecycle product-store@0.0.0~server: Args: [ '/d /s /c', 'nodemon server.js' ]
12 silly lifecycle product-store@0.0.0~server: Returned: code: 3221225786  signal: null
13 info lifecycle product-store@0.0.0~server: Failed to exec server script
14 verbose stack Error: product-store@0.0.0 server: `nodemon server.js`
14 verbose stack Exit status 3221225786
14 verbose stack     at EventEmitter.<anonymous> (c:\Program Files\nodejs\node_modules\npm\lib\utils\lifecycle.js:255:16)
14 verbose stack     at emitTwo (events.js:106:13)
14 verbose stack     at EventEmitter.emit (events.js:191:7)
14 verbose stack     at ChildProcess.<anonymous> (c:\Program Files\nodejs\node_modules\npm\lib\utils\spawn.js:40:14)
14 verbose stack     at emitTwo (events.js:106:13)
14 verbose stack     at ChildProcess.emit (events.js:191:7)
14 verbose stack     at maybeClose (internal/child_process.js:877:16)
14 verbose stack     at Process.ChildProcess._handle.onexit (internal/child_process.js:226:5)
15 verbose pkgid product-store@0.0.0
16 verbose cwd c:\Users\Комфи\Desktop\JS\my-project\store-6\store
17 error Windows_NT 6.1.7601
18 error argv "c:\\Program Files\\nodejs\\node.exe" "c:\\Program Files\\nodejs\\node_modules\\npm\\bin\\npm-cli.js" "run" "server"
19 error node v6.9.5
20 error npm  v3.10.10
21 error code ELIFECYCLE
22 error product-store@0.0.0 server: `nodemon server.js`
22 error Exit status 3221225786
23 error Failed at the product-store@0.0.0 server script 'nodemon server.js'.
23 error Make sure you have the latest version of node.js and npm installed.
23 error If you do, this is most likely a problem with the product-store package,
23 error not with npm itself.
23 error Tell the author that this fails on your system:
23 error     nodemon server.js
23 error You can get information on how to open an issue for this project with:
23 error     npm bugs product-store
23 error Or if that isn't available, you can get their info via:
23 error     npm owner ls product-store
23 error There is likely additional logging output above.
24 verbose exit [ 1, true ]
